<?xml version="1.0" encoding="UTF-8"?>
<!-- Generated by org.testng.reporters.JUnitReportReporter -->
<testsuite hostname="DESKTOP-4G6V73A" failures="0" tests="1" name="TestLayer.RegisterPageTest" time="5.823" errors="0" timestamp="2022-11-29T09:23:50 IST" skipped="0">
  <testcase classname="TestLayer.RegisterPageTest" name="validateRegisterFunctionality" time="5.823"/>
  <system-out/>
</testsuite> <!-- TestLayer.RegisterPageTest -->
